2016-08-21 16:04:57,236-DEBUG-this is debug log
2016-08-21 16:04:57,236-INFO-this is info log
2016-08-21 16:04:57,236-WARNING-this is warning log
2016-08-21 16:04:57,236-ERROR-this is error log
2016-08-21 16:04:57,237-CRITICAL-this is critical log
2016-08-21 16:05:51,306-INFO-this is info log
2016-08-21 16:05:51,307-WARNING-this is warning log
2016-08-21 16:05:51,307-ERROR-this is error log
2016-08-21 16:05:51,307-CRITICAL-this is critical log
2016-08-21 16:07:12,890-INFO-this is info log
2016-08-21 16:07:12,891-WARNING-this is warning log
2016-08-21 16:07:12,892-ERROR-this is error log
2016-08-21 16:07:12,893-CRITICAL-this is critical log
2016-08-21 16:07:38,073-INFO-this is info log
2016-08-21 16:07:38,074-WARNING-this is warning log
2016-08-21 16:07:38,074-ERROR-this is error log
2016-08-21 16:07:38,074-CRITICAL-this is critical log
2016-08-21 16:10:10,978-INFO-TEST-LOG-this is info log
2016-08-21 16:10:10,978-WARNING-TEST-LOG-this is warning log
2016-08-21 16:10:10,978-ERROR-TEST-LOG-this is error log
2016-08-21 16:10:10,978-CRITICAL-TEST-LOG-this is critical log
2016-08-21 16:10:49,227-TEST-LOG-INFO-this is info log
2016-08-21 16:10:49,227-TEST-LOG-WARNING-this is warning log
2016-08-21 16:10:49,227-TEST-LOG-ERROR-this is error log
2016-08-21 16:10:49,228-TEST-LOG-CRITICAL-this is critical log
2016-08-21 16:11:39,362-TEST-LOG-INFO-this is info log
2016-08-21 16:11:39,362-TEST-LOG-WARNING-this is warning log
2016-08-21 16:11:39,362-TEST-LOG-ERROR-this is error log
2016-08-21 16:11:39,362-TEST-LOG-CRITICAL-this is critical log
2016-08-21 16:12:01,301-TEST-LOG-INFO-this is info log
2016-08-21 16:12:01,302-TEST-LOG-WARNING-this is warning log
2016-08-21 16:12:01,302-TEST-LOG-ERROR-this is error log
2016-08-21 16:12:01,303-TEST-LOG-CRITICAL-this is critical log
2016-08-22 20:50:18,019-TEST-LOG-INFO-this is info log
2016-08-22 20:50:18,019-TEST-LOG-WARNING-this is warning log
2016-08-22 20:50:18,019-TEST-LOG-ERROR-this is error log
2016-08-22 20:50:18,019-TEST-LOG-CRITICAL-this is critical log
